#
# There is insufficient memory for the Java Runtime Environment to continue.
# Native memory allocation (malloc) failed to allocate 2097152 bytes for AllocateHeap
# Possible reasons:
#   The system is out of physical RAM or swap space
#   The process is running with CompressedOops enabled, and the Java Heap may be blocking the growth of the native heap
# Possible solutions:
#   Reduce memory load on the system
#   Increase physical memory or swap space
#   Check if swap backing store is full
#   Decrease Java heap size (-Xmx/-Xms)
#   Decrease number of Java threads
#   Decrease Java thread stack sizes (-Xss)
#   Set larger code cache with -XX:ReservedCodeCacheSize=
#   JVM is running with Zero Based Compressed Oops mode in which the Java heap is
#     placed in the first 32GB address space. The Java Heap base address is the
#     maximum limit for the native heap growth. Please use -XX:HeapBaseMinAddress
#     to set the Java Heap base and to place the Java Heap above 32GB virtual address.
# This output file may be truncated or incomplete.
#
#  Out of Memory Error (allocation.cpp:44), pid=22376, tid=2616
#
# JRE version: OpenJDK Runtime Environment Temurin-17.0.4.1+1 (17.0.4.1+1) (build 17.0.4.1+1)
# Java VM: OpenJDK 64-Bit Server VM Temurin-17.0.4.1+1 (17.0.4.1+1, mixed mode, emulated-client, tiered, compressed oops, compressed class ptrs, g1 gc, windows-amd64)
# No core dump will be written. Minidumps are not enabled by default on client versions of Windows
#

---------------  S U M M A R Y ------------

Command Line: -Dsts.lsp.client=vscode -Dsts.log.file=/dev/null -XX:TieredStopAtLevel=1 -Xlog:jni+resolve=off -Dspring.config.location=file:c:\Users\Chyde\.vscode\extensions\pivotal.vscode-spring-boot-1.40.0\language-server\BOOT-INF\classes\application.properties org.springframework.ide.vscode.boot.app.BootLanguageServerBootApp

Host: Intel(R) Core(TM) i7-8700K CPU @ 3.70GHz, 12 cores, 15G,  Windows 11 , 64 bit Build 22621 (10.0.22621.755)
Time: Sun Dec  4 01:38:03 2022 Central Standard Time elapsed time: 332026.422191 seconds (3d 20h 13m 46s)

---------------  T H R E A D  ---------------

Current thread (0x000002a3e4055300):  VMThread "VM Thread" [stack: 0x000000fd21c00000,0x000000fd21d00000] [id=2616]

Stack: [0x000000fd21c00000,0x000000fd21d00000]
Native frames: (J=compiled Java code, j=interpreted, Vv=VM code, C=native code)
V  [jvm.dll+0x67731a]
V  [jvm.dll+0x832284]
V  [jvm.dll+0x833a2e]
V  [jvm.dll+0x834093]
V  [jvm.dll+0x245775]
V  [jvm.dll+0xa6393]
V  [jvm.dll+0x2f59c1]
V  [jvm.dll+0x2f1640]
V  [jvm.dll+0x2d9d27]
V  [jvm.dll+0x31ce37]
V  [jvm.dll+0x83853b]
V  [jvm.dll+0x839274]
V  [jvm.dll+0x83978c]
V  [jvm.dll+0x839b64]
V  [jvm.dll+0x839c30]
V  [jvm.dll+0x7e240a]
V  [jvm.dll+0x6761a5]
C  [ucrtbase.dll+0x29363]
C  [KERNEL32.DLL+0x1244d]
C  [ntdll.dll+0x5dfb8]

VM_Operation (0x000000fd237fef30): G1CollectFull, mode: safepoint, requested by thread 0x000002a3e6020780


---------------  P R O C E S S  ---------------

Threads class SMR info:
_java_thread_list=0x000002a3e82268a0, length=23, elements={
0x000002a3e406c3a0, 0x000002a3e406cf50, 0x000002a3e40a7130, 0x000002a3e40a79f0,
0x000002a3e40a82b0, 0x000002a3e40b0b90, 0x000002a3e40b1450, 0x000002a3e40b3d60,
0x000002a3e42c08d0, 0x000002a3e42d5010, 0x000002a3e5a89820, 0x000002a3e6020780,
0x000002a3e6066430, 0x000002a3d1294950, 0x000002a3e60cc9b0, 0x000002a3e61073d0,
0x000002a3e614ed90, 0x000002a3e6339df0, 0x000002a3e633c470, 0x000002a3e63355c0,
0x000002a3e633c940, 0x000002a3e6335f60, 0x000002a3e63372a0
}

Java Threads: ( => current thread )
  0x000002a3e406c3a0 JavaThread "Reference Handler" daemon [_thread_blocked, id=23152, stack(0x000000fd21d00000,0x000000fd21e00000)]
  0x000002a3e406cf50 JavaThread "Finalizer" daemon [_thread_blocked, id=24508, stack(0x000000fd21e00000,0x000000fd21f00000)]
  0x000002a3e40a7130 JavaThread "Signal Dispatcher" daemon [_thread_blocked, id=26876, stack(0x000000fd21f00000,0x000000fd22000000)]
  0x000002a3e40a79f0 JavaThread "Attach Listener" daemon [_thread_blocked, id=33632, stack(0x000000fd22000000,0x000000fd22100000)]
  0x000002a3e40a82b0 JavaThread "Service Thread" daemon [_thread_blocked, id=9604, stack(0x000000fd22100000,0x000000fd22200000)]
  0x000002a3e40b0b90 JavaThread "Monitor Deflation Thread" daemon [_thread_blocked, id=32452, stack(0x000000fd22200000,0x000000fd22300000)]
  0x000002a3e40b1450 JavaThread "C1 CompilerThread0" daemon [_thread_blocked, id=24256, stack(0x000000fd22300000,0x000000fd22400000)]
  0x000002a3e40b3d60 JavaThread "Sweeper thread" daemon [_thread_blocked, id=23136, stack(0x000000fd22400000,0x000000fd22500000)]
  0x000002a3e42c08d0 JavaThread "Notification Thread" daemon [_thread_blocked, id=25948, stack(0x000000fd22800000,0x000000fd22900000)]
  0x000002a3e42d5010 JavaThread "Common-Cleaner" daemon [_thread_blocked, id=31992, stack(0x000000fd22a00000,0x000000fd22b00000)]
  0x000002a3e5a89820 JavaThread "boundedElastic-evictor-1" daemon [_thread_blocked, id=28384, stack(0x000000fd23400000,0x000000fd23500000)]
  0x000002a3e6020780 JavaThread "pool-9-thread-1" [_thread_blocked, id=9372, stack(0x000000fd23700000,0x000000fd23800000)]
  0x000002a3e6066430 JavaThread "LanguageServerApp-lifecycle" [_thread_blocked, id=35736, stack(0x000000fd23800000,0x000000fd23900000)]
  0x000002a3d1294950 JavaThread "DestroyJavaVM" [_thread_blocked, id=27488, stack(0x000000fd21600000,0x000000fd21700000)]
  0x000002a3e60cc9b0 JavaThread "pool-10-thread-1" [_thread_in_native, id=11792, stack(0x000000fd23900000,0x000000fd23a00000)]
  0x000002a3e61073d0 JavaThread "Simple-Language-Server main thread" daemon [_thread_blocked, id=35136, stack(0x000000fd23a00000,0x000000fd23b00000)]
  0x000002a3e614ed90 JavaThread "parallel-1" daemon [_thread_blocked, id=34748, stack(0x000000fd23c00000,0x000000fd23d00000)]
  0x000002a3e6339df0 JavaThread "parallel-2" daemon [_thread_blocked, id=24708, stack(0x000000fd25000000,0x000000fd25100000)]
  0x000002a3e633c470 JavaThread "Reconciler-1" daemon [_thread_blocked, id=17264, stack(0x000000fd25300000,0x000000fd25400000)]
  0x000002a3e63355c0 JavaThread "pool-5-thread-1" [_thread_blocked, id=9328, stack(0x000000fd25a00000,0x000000fd25b00000)]
  0x000002a3e633c940 JavaThread "parallel-3" daemon [_thread_blocked, id=26496, stack(0x000000fd25b00000,0x000000fd25c00000)]
  0x000002a3e6335f60 JavaThread "parallel-4" daemon [_thread_blocked, id=33592, stack(0x000000fd23d00000,0x000000fd23e00000)]
  0x000002a3e63372a0 JavaThread "parallel-5" daemon [_thread_blocked, id=12420, stack(0x000000fd21300000,0x000000fd21400000)]

Other Threads:
=>0x000002a3e4055300 VMThread "VM Thread" [stack: 0x000000fd21c00000,0x000000fd21d00000] [id=2616]
  0x000002a3d131bd60 WatcherThread [stack: 0x000000fd22900000,0x000000fd22a00000] [id=27288]
  0x000002a3d13002b0 GCTaskThread "GC Thread#0" [stack: 0x000000fd21700000,0x000000fd21800000] [id=19660]
  0x000002a3e4bf8a60 GCTaskThread "GC Thread#1" [stack: 0x000000fd22b00000,0x000000fd22c00000] [id=35404]
  0x000002a3e4bf8d10 GCTaskThread "GC Thread#2" [stack: 0x000000fd22c00000,0x000000fd22d00000] [id=1012]
  0x000002a3e4bed010 GCTaskThread "GC Thread#3" [stack: 0x000000fd22d00000,0x000000fd22e00000] [id=19980]
  0x000002a3e4bed2c0 GCTaskThread "GC Thread#4" [stack: 0x000000fd22e00000,0x000000fd22f00000] [id=27240]
  0x000002a3e4bed570 GCTaskThread "GC Thread#5" [stack: 0x000000fd22f00000,0x000000fd23000000] [id=32752]
  0x000002a3e5a43cc0 GCTaskThread "GC Thread#6" [stack: 0x000000fd23000000,0x000000fd23100000] [id=1480]
  0x000002a3e5a43f70 GCTaskThread "GC Thread#7" [stack: 0x000000fd23100000,0x000000fd23200000] [id=30140]
  0x000002a3e5a44220 GCTaskThread "GC Thread#8" [stack: 0x000000fd23200000,0x000000fd23300000] [id=23644]
  0x000002a3e5a444d0 GCTaskThread "GC Thread#9" [stack: 0x000000fd23300000,0x000000fd23400000] [id=17260]
  0x000002a3d1311220 ConcurrentGCThread "G1 Main Marker" [stack: 0x000000fd21800000,0x000000fd21900000] [id=10404]
  0x000002a3d13133e0 ConcurrentGCThread "G1 Conc#0" [stack: 0x000000fd21900000,0x000000fd21a00000] [id=30760]
  0x000002a3e5c61990 ConcurrentGCThread "G1 Conc#1" [stack: 0x000000fd23500000,0x000000fd23600000] [id=27792]
  0x000002a3e5c061e0 ConcurrentGCThread "G1 Conc#2" [stack: 0x000000fd23600000,0x000000fd23700000] [id=1652]
  0x000002a3e2ed5070 ConcurrentGCThread "G1 Refine#0" [stack: 0x000000fd21a00000,0x000000fd21b00000] [id=5884]
  0x000002a3e612d3d0 ConcurrentGCThread "G1 Refine#1" [stack: 0x000000fd25500000,0x000000fd25600000] [id=29100]
  0x000002a3e612c0a0 ConcurrentGCThread "G1 Refine#2" [stack: 0x000000fd25600000,0x000000fd25700000] [id=20228]
  0x000002a3e63d0f10 ConcurrentGCThread "G1 Refine#3" [stack: 0x000000fd25700000,0x000000fd25800000] [id=34788]
  0x000002a3e7ce0c90 ConcurrentGCThread "G1 Refine#4" [stack: 0x000000fd25800000,0x000000fd25900000] [id=24620]
  0x000002a3e614f670 ConcurrentGCThread "G1 Refine#5" [stack: 0x000000fd25900000,0x000000fd25a00000] [id=25984]
  0x000002a3e7eb9840 ConcurrentGCThread "G1 Refine#6" [stack: 0x000000fd25d00000,0x000000fd25e00000] [id=880]
  0x000002a3e7eba0e0 ConcurrentGCThread "G1 Refine#7" [stack: 0x000000fd22700000,0x000000fd22800000] [id=14600]
  0x000002a3e7ebac60 ConcurrentGCThread "G1 Refine#8" [stack: 0x000000fd25e00000,0x000000fd25f00000] [id=19864]
  0x000002a3e7eb9b20 ConcurrentGCThread "G1 Refine#9" [stack: 0x000000fd25f00000,0x000000fd26000000] [id=12100]
  0x000002a3e2ed6940 ConcurrentGCThread "G1 Service" [stack: 0x000000fd21b00000,0x000000fd21c00000] [id=6128]

Threads with active compile tasks:

VM state: at safepoint (normal execution)

VM Mutex/Monitor currently owned by a thread:  ([mutex/lock_event])
[0x000002a3cef5b740] Threads_lock - owner thread: 0x000002a3e4055300
[0x000002a3d1293650] Heap_lock - owner thread: 0x000002a3e6020780

Heap address: 0x0000000701200000, size: 4078 MB, Compressed Oops mode: Zero based, Oop shift amount: 3

CDS archive(s) not mapped
Compressed class space mapped at: 0x0000000800000000-0x0000000840000000, reserved size: 1073741824
Narrow klass base: 0x0000000800000000, Narrow klass shift: 0, Narrow klass range: 0x40000000

GC Precious Log:
 CPUs: 12 total, 12 available
 Memory: 16311M
 Large Page Support: Disabled
 NUMA Support: Disabled
 Compressed Oops: Enabled (Zero based)
 Heap Region Size: 2M
 Heap Min Capacity: 8M
 Heap Initial Capacity: 256M
 Heap Max Capacity: 4078M
 Pre-touch: Disabled
 Parallel Workers: 10
 Concurrent Workers: 3
 Concurrent Refinement Workers: 10
 Periodic GC: Disabled

Heap:
 garbage-first heap   total 96256K, used 26749K [0x0000000701200000, 0x0000000800000000)
  region size 2048K, 1 young (2048K), 0 survivors (0K)
 Metaspace       used 46928K, committed 47424K, reserved 1097728K
  class space    used 6391K, committed 6592K, reserved 1048576K

Heap Regions: E=young(eden), S=young(survivor), O=old, HS=humongous(starts), HC=humongous(continues), CS=collection set, F=free, OA=open archive, CA=closed archive, TAMS=top-at-mark-start (previous, next)
|   0|0x0000000701200000, 0x0000000701400000, 0x0000000701400000|100%| O|  |TAMS 0x0000000701400000, 0x0000000701200000| Untracked 
|   1|0x0000000701400000, 0x0000000701600000, 0x0000000701600000|100%| O|  |TAMS 0x0000000701600000, 0x0000000701400000| Untracked 
|   2|0x0000000701600000, 0x0000000701800000, 0x0000000701800000|100%| O|  |TAMS 0x0000000701800000, 0x0000000701600000| Untracked 
|   3|0x0000000701800000, 0x00000007019fffe0, 0x0000000701a00000| 99%| O|  |TAMS 0x00000007019fffe0, 0x0000000701800000| Untracked 
|   4|0x0000000701a00000, 0x0000000701bfffc0, 0x0000000701c00000| 99%| O|  |TAMS 0x0000000701bfffc0, 0x0000000701a00000| Untracked 
|   5|0x0000000701c00000, 0x0000000701e00000, 0x0000000701e00000|100%| O|  |TAMS 0x0000000701e00000, 0x0000000701c00000| Untracked 
|   6|0x0000000701e00000, 0x0000000701ffffe8, 0x0000000702000000| 99%| O|  |TAMS 0x0000000701ffffe8, 0x0000000701e00000| Untracked 
|   7|0x0000000702000000, 0x00000007021cdfa0, 0x0000000702200000| 90%| O|  |TAMS 0x0000000702000000, 0x0000000702000000| Untracked 
|   8|0x0000000702200000, 0x00000007023f4e08, 0x0000000702400000| 97%| O|  |TAMS 0x00000007023f4e08, 0x0000000702200000| Untracked 
|   9|0x0000000702400000, 0x00000007025fffe0, 0x0000000702600000| 99%| O|  |TAMS 0x00000007025fffe0, 0x0000000702400000| Untracked 
|  10|0x0000000702600000, 0x00000007027f9690, 0x0000000702800000| 98%| O|  |TAMS 0x00000007027f9690, 0x0000000702600000| Untracked 
|  11|0x0000000702800000, 0x00000007029ffff0, 0x0000000702a00000| 99%| O|  |TAMS 0x00000007029ffff0, 0x0000000702800000| Untracked 
|  12|0x0000000702a00000, 0x0000000702c00000, 0x0000000702c00000|100%| O|  |TAMS 0x0000000702c00000, 0x0000000702a00000| Untracked 
|  13|0x0000000702c00000, 0x0000000702c63320, 0x0000000702e00000| 19%| O|  |TAMS 0x0000000702c00000, 0x0000000702c00000| Untracked 
|  14|0x0000000702e00000, 0x0000000702e00000, 0x0000000703000000|  0%| F|  |TAMS 0x0000000702e00000, 0x0000000702e00000| Untracked 
|  15|0x0000000703000000, 0x0000000703000000, 0x0000000703200000|  0%| F|  |TAMS 0x0000000703000000, 0x0000000703000000| Untracked 
|  16|0x0000000703200000, 0x0000000703200000, 0x0000000703400000|  0%| F|  |TAMS 0x0000000703200000, 0x0000000703200000| Untracked 
|  17|0x0000000703400000, 0x0000000703400000, 0x0000000703600000|  0%| F|  |TAMS 0x0000000703400000, 0x0000000703400000| Untracked 
|  18|0x0000000703600000, 0x0000000703600000, 0x0000000703800000|  0%| F|  |TAMS 0x0000000703600000, 0x0000000703600000| Untracked 
|  19|0x0000000703800000, 0x0000000703800000, 0x0000000703a00000|  0%| F|  |TAMS 0x0000000703800000, 0x0000000703800000| Untracked 
|  20|0x0000000703a00000, 0x0000000703a00000, 0x0000000703c00000|  0%| F|  |TAMS 0x0000000703a00000, 0x0000000703a00000| Untracked 
|  21|0x0000000703c00000, 0x0000000703c00000, 0x0000000703e00000|  0%| F|  |TAMS 0x0000000703c00000, 0x0000000703c00000| Untracked 
|  22|0x0000000703e00000, 0x0000000703e00000, 0x0000000704000000|  0%| F|  |TAMS 0x0000000703e00000, 0x0000000703e00000| Untracked 
|  23|0x0000000704000000, 0x0000000704000000, 0x0000000704200000|  0%| F|  |TAMS 0x0000000704000000, 0x0000000704000000| Untracked 
|  24|0x0000000704200000, 0x0000000704200000, 0x0000000704400000|  0%| F|  |TAMS 0x0000000704200000, 0x0000000704200000| Untracked 
|  25|0x0000000704400000, 0x0000000704400000, 0x0000000704600000|  0%| F|  |TAMS 0x0000000704400000, 0x0000000704400000| Untracked 
|  26|0x0000000704600000, 0x0000000704600000, 0x0000000704800000|  0%| F|  |TAMS 0x0000000704600000, 0x0000000704600000| Untracked 
|  27|0x0000000704800000, 0x0000000704800000, 0x0000000704a00000|  0%| F|  |TAMS 0x0000000704800000, 0x0000000704800000| Untracked 
|  28|0x0000000704a00000, 0x0000000704a00000, 0x0000000704c00000|  0%| F|  |TAMS 0x0000000704a00000, 0x0000000704a00000| Untracked 
|  29|0x0000000704c00000, 0x0000000704c00000, 0x0000000704e00000|  0%| F|  |TAMS 0x0000000704c00000, 0x0000000704c00000| Untracked 
|  30|0x0000000704e00000, 0x0000000704e00000, 0x0000000705000000|  0%| F|  |TAMS 0x0000000704e00000, 0x0000000704e00000| Untracked 
|  31|0x0000000705000000, 0x0000000705000000, 0x0000000705200000|  0%| F|  |TAMS 0x0000000705000000, 0x0000000705000000| Untracked 
|  32|0x0000000705200000, 0x0000000705200000, 0x0000000705400000|  0%| F|  |TAMS 0x0000000705200000, 0x0000000705200000| Untracked 
|  33|0x0000000705400000, 0x0000000705400000, 0x0000000705600000|  0%| F|  |TAMS 0x0000000705400000, 0x0000000705400000| Untracked 
|  34|0x0000000705600000, 0x0000000705600000, 0x0000000705800000|  0%| F|  |TAMS 0x0000000705600000, 0x0000000705600000| Untracked 
|  35|0x0000000705800000, 0x0000000705800000, 0x0000000705a00000|  0%| F|  |TAMS 0x0000000705800000, 0x0000000705800000| Untracked 
|  36|0x0000000705a00000, 0x0000000705a00000, 0x0000000705c00000|  0%| F|  |TAMS 0x0000000705a00000, 0x0000000705a00000| Untracked 
|  37|0x0000000705c00000, 0x0000000705c00000, 0x0000000705e00000|  0%| F|  |TAMS 0x0000000705c00000, 0x0000000705c00000| Untracked 
|  38|0x0000000705e00000, 0x0000000705e00000, 0x0000000706000000|  0%| F|  |TAMS 0x0000000705e00000, 0x0000000705e00000| Untracked 
|  39|0x0000000706000000, 0x0000000706000000, 0x0000000706200000|  0%| F|  |TAMS 0x0000000706000000, 0x0000000706000000| Untracked 
|  40|0x0000000706200000, 0x0000000706200000, 0x0000000706400000|  0%| F|  |TAMS 0x0000000706200000, 0x0000000706200000| Untracked 
|  41|0x0000000706400000, 0x0000000706400000, 0x0000000706600000|  0%| F|  |TAMS 0x0000000706400000, 0x0000000706400000| Untracked 
|  42|0x0000000706600000, 0x0000000706600000, 0x0000000706800000|  0%| F|  |TAMS 0x0000000706600000, 0x0000000706600000| Untracked 
|  43|0x0000000706800000, 0x0000000706800000, 0x0000000706a00000|  0%| F|  |TAMS 0x0000000706800000, 0x0000000706800000| Untracked 
|  44|0x0000000706a00000, 0x0000000706a00000, 0x0000000706c00000|  0%| F|  |TAMS 0x0000000706a00000, 0x0000000706a00000| Untracked 
|  45|0x0000000706c00000, 0x0000000706c00000, 0x0000000706e00000|  0%| F|  |TAMS 0x0000000706c00000, 0x0000000706c00000| Untracked 
|  46|0x0000000706e00000, 0x0000000706e23f38, 0x0000000707000000|  7%| E|  |TAMS 0x0000000706e00000, 0x0000000706e00000| Complete 

Card table byte_map: [0x000002a3d7a50000,0x000002a3d8250000] _byte_map_base: 0x000002a3d4247000

Marking Bits (Prev, Next): (CMBitMap*) 0x000002a3d13008c0, (CMBitMap*) 0x000002a3d1300900
 Prev Bits: [0x000002a3d8a50000, 0x000002a3dca08000)
 Next Bits: [0x000002a3dca10000, 0x000002a3e09c8000)

Polling page: 0x000002a3cf1e0000

Metaspace:

Usage:
  Non-class:     39.59 MB used.
      Class:      6.24 MB used.
       Both:     45.83 MB used.

Virtual space:
  Non-class space:       48.00 MB reserved,      39.88 MB ( 83%) committed,  6 nodes.
      Class space:        1.00 GB reserved,       6.44 MB ( <1%) committed,  1 nodes.
             Both:        1.05 GB reserved,      46.31 MB (  4%) committed. 

Chunk freelists:
   Non-Class:  4.04 MB
       Class:  1.60 MB
        Both:  5.64 MB

MaxMetaspaceSize: unlimited
CompressedClassSpaceSize: 1.00 GB
Initial GC threshold: 21.00 MB
Current GC threshold: 77.19 MB
CDS: off
MetaspaceReclaimPolicy: balanced
 - commit_granule_bytes: 65536.
 - commit_granule_words: 8192.
 - virtual_space_node_default_size: 1048576.
 - enlarge_chunks_in_place: 1.
 - new_chunks_are_fully_committed: 0.
 - uncommit_free_chunks: 1.
 - use_allocation_guard: 0.
 - handle_deallocations: 1.


Internal statistics:

num_allocs_failed_limit: 6.
num_arena_births: 462.
num_arena_deaths: 124.
num_vsnodes_births: 7.
num_vsnodes_deaths: 0.
num_space_committed: 741.
num_space_uncommitted: 0.
num_chunks_returned_to_freelist: 143.
num_chunks_taken_from_freelist: 1923.
num_chunk_merges: 52.
num_chunk_splits: 1347.
num_chunks_enlarged: 1057.
num_purges: 4.
num_inconsistent_stats: 0.

CodeCache: size=49152Kb used=11689Kb max_used=13078Kb free=37462Kb
 bounds [0x000002a3d3f20000, 0x000002a3d4bf0000, 0x000002a3d6f20000]
 total_blobs=6685 nmethods=6120 adapters=492
 compilation: enabled
              stopped_count=0, restarted_count=0
 full_count=0

Compilation events (20 events):
Event: 2889.387 Thread 0x000002a3e40b1450 6108       1       java.lang.ProcessImpl$2::run (5 bytes)
Event: 2889.387 Thread 0x000002a3e40b1450 nmethod 6108 0x000002a3d48d8910 code [0x000002a3d48d8aa0, 0x000002a3d48d8b88]
Event: 2889.495 Thread 0x000002a3e40b1450 6109   !   1       java.io.FilterOutputStream::close (183 bytes)
Event: 2889.521 Thread 0x000002a3e40b1450 nmethod 6109 0x000002a3d48d7790 code [0x000002a3d48d79a0, 0x000002a3d48d7e98]
Event: 2889.521 Thread 0x000002a3e40b1450 6110   !   1       java.io.FileOutputStream::close (69 bytes)
Event: 2889.522 Thread 0x000002a3e40b1450 nmethod 6110 0x000002a3d48d7110 code [0x000002a3d48d72e0, 0x000002a3d48d7658]
Event: 2889.522 Thread 0x000002a3e40b1450 6111       1       java.io.FileOutputStream$1::<init> (10 bytes)
Event: 2889.522 Thread 0x000002a3e40b1450 nmethod 6111 0x000002a3d48d6e10 code [0x000002a3d48d6fa0, 0x000002a3d48d70b8]
Event: 2889.522 Thread 0x000002a3e40b1450 6112       1       java.io.FileOutputStream$1::close (11 bytes)
Event: 2889.522 Thread 0x000002a3e40b1450 nmethod 6112 0x000002a3d48d6790 code [0x000002a3d48d6940, 0x000002a3d48d6c58]
Event: 2889.522 Thread 0x000002a3e40b1450 6114       1       java.lang.ProcessImpl$$Lambda$672/0x00000008004ea918::run (8 bytes)
Event: 2889.522 Thread 0x000002a3e40b1450 nmethod 6114 0x000002a3d48d6490 code [0x000002a3d48d6620, 0x000002a3d48d6708]
Event: 2889.522 Thread 0x000002a3e40b1450 6115       1       java.lang.ProcessImpl::lambda$new$0 (6 bytes)
Event: 2889.522 Thread 0x000002a3e40b1450 nmethod 6115 0x000002a3d48d6190 code [0x000002a3d48d6320, 0x000002a3d48d63e8]
Event: 4189.878 Thread 0x000002a3e40b1450 6117       1       java.lang.ProcessImpl$2::run (242 bytes)
Event: 4189.879 Thread 0x000002a3e40b1450 nmethod 6117 0x000002a3d48d4690 code [0x000002a3d48d4940, 0x000002a3d48d5798]
Event: 4189.879 Thread 0x000002a3e40b1450 6118       1       java.io.BufferedOutputStream::<init> (9 bytes)
Event: 4189.879 Thread 0x000002a3e40b1450 nmethod 6118 0x000002a3d48d4110 code [0x000002a3d48d42a0, 0x000002a3d48d4598]
Event: 4189.879 Thread 0x000002a3e40b1450 6119       1       java.lang.ProcessImpl::waitFor (136 bytes)
Event: 4189.880 Thread 0x000002a3e40b1450 nmethod 6119 0x000002a3d48d3890 code [0x000002a3d48d3aa0, 0x000002a3d48d3eb8]

GC Heap History (20 events):
Event: 331923.980 GC heap before
{Heap before GC invocations=15537 (full 15512):
 garbage-first heap   total 96256K, used 26749K [0x0000000701200000, 0x0000000800000000)
  region size 2048K, 1 young (2048K), 0 survivors (0K)
 Metaspace       used 46928K, committed 47424K, reserved 1097728K
  class space    used 6391K, committed 6592K, reserved 1048576K
}
Event: 331924.012 GC heap after
{Heap after GC invocations=15538 (full 15513):
 garbage-first heap   total 96256K, used 26749K [0x0000000701200000, 0x0000000800000000)
  region size 2048K, 0 young (0K), 0 survivors (0K)
 Metaspace       used 46928K, committed 47424K, reserved 1097728K
  class space    used 6391K, committed 6592K, reserved 1048576K
}
Event: 331934.167 GC heap before
{Heap before GC invocations=15538 (full 15513):
 garbage-first heap   total 96256K, used 26749K [0x0000000701200000, 0x0000000800000000)
  region size 2048K, 1 young (2048K), 0 survivors (0K)
 Metaspace       used 46928K, committed 47424K, reserved 1097728K
  class space    used 6391K, committed 6592K, reserved 1048576K
}
Event: 331934.202 GC heap after
{Heap after GC invocations=15539 (full 15514):
 garbage-first heap   total 96256K, used 26749K [0x0000000701200000, 0x0000000800000000)
  region size 2048K, 0 young (0K), 0 survivors (0K)
 Metaspace       used 46928K, committed 47424K, reserved 1097728K
  class space    used 6391K, committed 6592K, reserved 1048576K
}
Event: 331944.371 GC heap before
{Heap before GC invocations=15539 (full 15514):
 garbage-first heap   total 96256K, used 26749K [0x0000000701200000, 0x0000000800000000)
  region size 2048K, 1 young (2048K), 0 survivors (0K)
 Metaspace       used 46928K, committed 47424K, reserved 1097728K
  class space    used 6391K, committed 6592K, reserved 1048576K
}
Event: 331944.400 GC heap after
{Heap after GC invocations=15540 (full 15515):
 garbage-first heap   total 96256K, used 26749K [0x0000000701200000, 0x0000000800000000)
  region size 2048K, 0 young (0K), 0 survivors (0K)
 Metaspace       used 46928K, committed 47424K, reserved 1097728K
  class space    used 6391K, committed 6592K, reserved 1048576K
}
Event: 331954.555 GC heap before
{Heap before GC invocations=15540 (full 15515):
 garbage-first heap   total 96256K, used 26749K [0x0000000701200000, 0x0000000800000000)
  region size 2048K, 1 young (2048K), 0 survivors (0K)
 Metaspace       used 46928K, committed 47424K, reserved 1097728K
  class space    used 6391K, committed 6592K, reserved 1048576K
}
Event: 331954.584 GC heap after
{Heap after GC invocations=15541 (full 15516):
 garbage-first heap   total 96256K, used 26749K [0x0000000701200000, 0x0000000800000000)
  region size 2048K, 0 young (0K), 0 survivors (0K)
 Metaspace       used 46928K, committed 47424K, reserved 1097728K
  class space    used 6391K, committed 6592K, reserved 1048576K
}
Event: 331965.385 GC heap before
{Heap before GC invocations=15541 (full 15516):
 garbage-first heap   total 96256K, used 26749K [0x0000000701200000, 0x0000000800000000)
  region size 2048K, 1 young (2048K), 0 survivors (0K)
 Metaspace       used 46928K, committed 47424K, reserved 1097728K
  class space    used 6391K, committed 6592K, reserved 1048576K
}
Event: 331965.416 GC heap after
{Heap after GC invocations=15542 (full 15517):
 garbage-first heap   total 96256K, used 26749K [0x0000000701200000, 0x0000000800000000)
  region size 2048K, 0 young (0K), 0 survivors (0K)
 Metaspace       used 46928K, committed 47424K, reserved 1097728K
  class space    used 6391K, committed 6592K, reserved 1048576K
}
Event: 331975.579 GC heap before
{Heap before GC invocations=15542 (full 15517):
 garbage-first heap   total 96256K, used 26749K [0x0000000701200000, 0x0000000800000000)
  region size 2048K, 1 young (2048K), 0 survivors (0K)
 Metaspace       used 46928K, committed 47424K, reserved 1097728K
  class space    used 6391K, committed 6592K, reserved 1048576K
}
Event: 331975.606 GC heap after
{Heap after GC invocations=15543 (full 15518):
 garbage-first heap   total 96256K, used 26749K [0x0000000701200000, 0x0000000800000000)
  region size 2048K, 0 young (0K), 0 survivors (0K)
 Metaspace       used 46928K, committed 47424K, reserved 1097728K
  class space    used 6391K, committed 6592K, reserved 1048576K
}
Event: 331985.739 GC heap before
{Heap before GC invocations=15543 (full 15518):
 garbage-first heap   total 96256K, used 26749K [0x0000000701200000, 0x0000000800000000)
  region size 2048K, 1 young (2048K), 0 survivors (0K)
 Metaspace       used 46928K, committed 47424K, reserved 1097728K
  class space    used 6391K, committed 6592K, reserved 1048576K
}
Event: 331985.765 GC heap after
{Heap after GC invocations=15544 (full 15519):
 garbage-first heap   total 96256K, used 26749K [0x0000000701200000, 0x0000000800000000)
  region size 2048K, 0 young (0K), 0 survivors (0K)
 Metaspace       used 46928K, committed 47424K, reserved 1097728K
  class space    used 6391K, committed 6592K, reserved 1048576K
}
Event: 331995.901 GC heap before
{Heap before GC invocations=15544 (full 15519):
 garbage-first heap   total 96256K, used 26749K [0x0000000701200000, 0x0000000800000000)
  region size 2048K, 1 young (2048K), 0 survivors (0K)
 Metaspace       used 46928K, committed 47424K, reserved 1097728K
  class space    used 6391K, committed 6592K, reserved 1048576K
}
Event: 331995.926 GC heap after
{Heap after GC invocations=15545 (full 15520):
 garbage-first heap   total 96256K, used 26749K [0x0000000701200000, 0x0000000800000000)
  region size 2048K, 0 young (0K), 0 survivors (0K)
 Metaspace       used 46928K, committed 47424K, reserved 1097728K
  class space    used 6391K, committed 6592K, reserved 1048576K
}
Event: 332006.060 GC heap before
{Heap before GC invocations=15545 (full 15520):
 garbage-first heap   total 96256K, used 26749K [0x0000000701200000, 0x0000000800000000)
  region size 2048K, 1 young (2048K), 0 survivors (0K)
 Metaspace       used 46928K, committed 47424K, reserved 1097728K
  class space    used 6391K, committed 6592K, reserved 1048576K
}
Event: 332006.090 GC heap after
{Heap after GC invocations=15546 (full 15521):
 garbage-first heap   total 96256K, used 26749K [0x0000000701200000, 0x0000000800000000)
  region size 2048K, 0 young (0K), 0 survivors (0K)
 Metaspace       used 46928K, committed 47424K, reserved 1097728K
  class space    used 6391K, committed 6592K, reserved 1048576K
}
Event: 332016.230 GC heap before
{Heap before GC invocations=15546 (full 15521):
 garbage-first heap   total 96256K, used 26749K [0x0000000701200000, 0x0000000800000000)
  region size 2048K, 1 young (2048K), 0 survivors (0K)
 Metaspace       used 46928K, committed 47424K, reserved 1097728K
  class space    used 6391K, committed 6592K, reserved 1048576K
}
Event: 332016.255 GC heap after
{Heap after GC invocations=15547 (full 15522):
 garbage-first heap   total 96256K, used 26749K [0x0000000701200000, 0x0000000800000000)
  region size 2048K, 0 young (0K), 0 survivors (0K)
 Metaspace       used 46928K, committed 47424K, reserved 1097728K
  class space    used 6391K, committed 6592K, reserved 1048576K
}

Deoptimization events (20 events):
Event: 7.020 Thread 0x000002a3e6314f10 DEOPT PACKING pc=0x000002a3d447d509 sp=0x000000fd246fecb0
Event: 7.020 Thread 0x000002a3e6314f10 DEOPT UNPACKING pc=0x000002a3d3f72b43 sp=0x000000fd246fe140 mode 3
Event: 7.020 Thread 0x000002a3e6314f10 DEOPT PACKING pc=0x000002a3d447ae1f sp=0x000000fd246feeb0
Event: 7.020 Thread 0x000002a3e6336900 DEOPT PACKING pc=0x000002a3d447ae1f sp=0x000000fd24dff430
Event: 7.020 Thread 0x000002a3e6314f10 DEOPT UNPACKING pc=0x000002a3d3f72b43 sp=0x000000fd246fe308 mode 3
Event: 7.020 Thread 0x000002a3e6336900 DEOPT UNPACKING pc=0x000002a3d3f72b43 sp=0x000000fd24dfe888 mode 3
Event: 11.010 Thread 0x000002a3e6107ca0 DEOPT PACKING pc=0x000002a3d446e162 sp=0x000000fd23bfd4f0
Event: 11.010 Thread 0x000002a3e6107ca0 DEOPT UNPACKING pc=0x000002a3d3f72b43 sp=0x000000fd23bfc9f8 mode 3
Event: 11.336 Thread 0x000002a3e6107ca0 DEOPT PACKING pc=0x000002a3d4b5b2bc sp=0x000000fd23bfdd50
Event: 11.336 Thread 0x000002a3e6107ca0 DEOPT UNPACKING pc=0x000002a3d3f72b43 sp=0x000000fd23bfd248 mode 0
Event: 11.336 Thread 0x000002a3e6107ca0 DEOPT PACKING pc=0x000002a3d4b26434 sp=0x000000fd23bfde20
Event: 11.336 Thread 0x000002a3e6107ca0 DEOPT UNPACKING pc=0x000002a3d3f72b43 sp=0x000000fd23bfd2f8 mode 0
Event: 11.336 Thread 0x000002a3e6107ca0 DEOPT PACKING pc=0x000002a3d4b210fc sp=0x000000fd23bfded0
Event: 11.336 Thread 0x000002a3e6107ca0 DEOPT UNPACKING pc=0x000002a3d3f72b43 sp=0x000000fd23bfd450 mode 0
Event: 11.336 Thread 0x000002a3e6107ca0 DEOPT PACKING pc=0x000002a3d4b8d49c sp=0x000000fd23bfe1d0
Event: 11.336 Thread 0x000002a3e6107ca0 DEOPT UNPACKING pc=0x000002a3d3f72b43 sp=0x000000fd23bfd660 mode 0
Event: 11.449 Thread 0x000002a3e6107ca0 DEOPT PACKING pc=0x000002a3d4bdf3d5 sp=0x000000fd23bfec70
Event: 11.449 Thread 0x000002a3e6107ca0 DEOPT UNPACKING pc=0x000002a3d3f72b43 sp=0x000000fd23bfe118 mode 3
Event: 231.689 Thread 0x000002a3e60cc9b0 DEOPT PACKING pc=0x000002a3d45b5ad4 sp=0x000000fd239fed70
Event: 231.689 Thread 0x000002a3e60cc9b0 DEOPT UNPACKING pc=0x000002a3d3f72b43 sp=0x000000fd239fe218 mode 0

Classes unloaded (20 events):
Event: 97.351 Thread 0x000002a3e4055300 Unloading class 0x000000080034d400 'java/lang/invoke/LambdaForm$MH+0x000000080034d400'
Event: 97.351 Thread 0x000002a3e4055300 Unloading class 0x000000080034d000 'java/lang/invoke/LambdaForm$MH+0x000000080034d000'
Event: 97.351 Thread 0x000002a3e4055300 Unloading class 0x000000080034c800 'java/lang/invoke/LambdaForm$DMH+0x000000080034c800'
Event: 97.351 Thread 0x000002a3e4055300 Unloading class 0x000000080034c000 'java/lang/invoke/LambdaForm$DMH+0x000000080034c000'
Event: 97.351 Thread 0x000002a3e4055300 Unloading class 0x000000080020b800 'java/lang/invoke/LambdaForm$MH+0x000000080020b800'
Event: 97.351 Thread 0x000002a3e4055300 Unloading class 0x000000080020ac00 'java/lang/invoke/LambdaForm$MH+0x000000080020ac00'
Event: 97.351 Thread 0x000002a3e4055300 Unloading class 0x0000000800207000 'java/lang/invoke/LambdaForm$MH+0x0000000800207000'
Event: 97.351 Thread 0x000002a3e4055300 Unloading class 0x0000000800206c00 'java/lang/invoke/LambdaForm$MH+0x0000000800206c00'
Event: 97.351 Thread 0x000002a3e4055300 Unloading class 0x0000000800206800 'java/lang/invoke/LambdaForm$MH+0x0000000800206800'
Event: 97.352 Thread 0x000002a3e4055300 Unloading class 0x0000000800206400 'java/lang/invoke/LambdaForm$MH+0x0000000800206400'
Event: 97.352 Thread 0x000002a3e4055300 Unloading class 0x0000000800206000 'java/lang/invoke/LambdaForm$MH+0x0000000800206000'
Event: 97.352 Thread 0x000002a3e4055300 Unloading class 0x0000000800205800 'java/lang/invoke/LambdaForm$MH+0x0000000800205800'
Event: 97.352 Thread 0x000002a3e4055300 Unloading class 0x00000008000d2800 'java/lang/invoke/LambdaForm$MH+0x00000008000d2800'
Event: 97.352 Thread 0x000002a3e4055300 Unloading class 0x00000008000d2000 'java/lang/invoke/LambdaForm$MH+0x00000008000d2000'
Event: 97.352 Thread 0x000002a3e4055300 Unloading class 0x00000008000d1c00 'java/lang/invoke/LambdaForm$MH+0x00000008000d1c00'
Event: 97.352 Thread 0x000002a3e4055300 Unloading class 0x00000008000d1800 'java/lang/invoke/LambdaForm$MH+0x00000008000d1800'
Event: 97.352 Thread 0x000002a3e4055300 Unloading class 0x00000008000d1000 'java/lang/invoke/LambdaForm$MH+0x00000008000d1000'
Event: 97.352 Thread 0x000002a3e4055300 Unloading class 0x00000008000d0c00 'java/lang/invoke/LambdaForm$MH+0x00000008000d0c00'
Event: 97.352 Thread 0x000002a3e4055300 Unloading class 0x00000008000d0800 'java/lang/invoke/LambdaForm$MH+0x00000008000d0800'
Event: 97.352 Thread 0x000002a3e4055300 Unloading class 0x00000008000d0000 'java/lang/invoke/LambdaForm$MH+0x00000008000d0000'

Classes redefined (0 events):
No events

Internal exceptions (20 events):
Event: 10.805 Thread 0x000002a3e633ac60 Exception <a 'sun/nio/fs/WindowsException'{0x000000072c4802e0}> (0x000000072c4802e0) 
thrown [s\src\hotspot\share\prims\jni.cpp, line 516]
Event: 10.805 Thread 0x000002a3e633ac60 Exception <a 'sun/nio/fs/WindowsException'{0x000000072c480cd0}> (0x000000072c480cd0) 
thrown [s\src\hotspot\share\prims\jni.cpp, line 516]
Event: 10.805 Thread 0x000002a3e633ac60 Exception <a 'sun/nio/fs/WindowsException'{0x000000072c481078}> (0x000000072c481078) 
thrown [s\src\hotspot\share\prims\jni.cpp, line 516]
Event: 10.806 Thread 0x000002a3e633ac60 Exception <a 'sun/nio/fs/WindowsException'{0x000000072c481a78}> (0x000000072c481a78) 
thrown [s\src\hotspot\share\prims\jni.cpp, line 516]
Event: 10.806 Thread 0x000002a3e633ac60 Exception <a 'sun/nio/fs/WindowsException'{0x000000072c481e38}> (0x000000072c481e38) 
thrown [s\src\hotspot\share\prims\jni.cpp, line 516]
Event: 10.806 Thread 0x000002a3e633ac60 Exception <a 'sun/nio/fs/WindowsException'{0x000000072c482838}> (0x000000072c482838) 
thrown [s\src\hotspot\share\prims\jni.cpp, line 516]
Event: 10.806 Thread 0x000002a3e633ac60 Exception <a 'sun/nio/fs/WindowsException'{0x000000072c482be8}> (0x000000072c482be8) 
thrown [s\src\hotspot\share\prims\jni.cpp, line 516]
Event: 10.806 Thread 0x000002a3e633ac60 Exception <a 'sun/nio/fs/WindowsException'{0x000000072c4835e8}> (0x000000072c4835e8) 
thrown [s\src\hotspot\share\prims\jni.cpp, line 516]
Event: 10.806 Thread 0x000002a3e633ac60 Exception <a 'sun/nio/fs/WindowsException'{0x000000072c4839a8}> (0x000000072c4839a8) 
thrown [s\src\hotspot\share\prims\jni.cpp, line 516]
Event: 10.806 Thread 0x000002a3e633ac60 Exception <a 'sun/nio/fs/WindowsException'{0x000000072c4843d0}> (0x000000072c4843d0) 
thrown [s\src\hotspot\share\prims\jni.cpp, line 516]
Event: 10.806 Thread 0x000002a3e633ac60 Exception <a 'sun/nio/fs/WindowsException'{0x000000072c4847b0}> (0x000000072c4847b0) 
thrown [s\src\hotspot\share\prims\jni.cpp, line 516]
Event: 10.807 Thread 0x000002a3e633ac60 Exception <a 'sun/nio/fs/WindowsException'{0x000000072c4851e8}> (0x000000072c4851e8) 
thrown [s\src\hotspot\share\prims\jni.cpp, line 516]
Event: 10.807 Thread 0x000002a3e633ac60 Exception <a 'sun/nio/fs/WindowsException'{0x000000072c4855d8}> (0x000000072c4855d8) 
thrown [s\src\hotspot\share\prims\jni.cpp, line 516]
Event: 10.807 Thread 0x000002a3e633ac60 Exception <a 'sun/nio/fs/WindowsException'{0x000000072c486000}> (0x000000072c486000) 
thrown [s\src\hotspot\share\prims\jni.cpp, line 516]
Event: 10.808 Thread 0x000002a3e633ac60 Exception <a 'sun/nio/fs/WindowsException'{0x000000072c4863f0}> (0x000000072c4863f0) 
thrown [s\src\hotspot\share\prims\jni.cpp, line 516]
Event: 66.642 Thread 0x000002a3e6020780 Exception <a 'java/lang/NoSuchMethodError'{0x000000072074b310}: 'void java.lang.invoke.DirectMethodHandle$Holder.invokeStatic(java.lang.Object, long)'> (0x000000072074b310) 
thrown [s\src\hotspot\share\interpreter\linkResolver.cpp, line 759]
Event: 66.643 Thread 0x000002a3e6020780 Exception <a 'java/lang/NoSuchMethodError'{0x00000007207506b8}: 'java.lang.Object java.lang.invoke.DirectMethodHandle$Holder.newInvokeSpecial(java.lang.Object, long)'> (0x00000007207506b8) 
thrown [s\src\hotspot\share\interpreter\linkResolver.cpp, line 759]
Event: 66.644 Thread 0x000002a3e6020780 Exception <a 'java/lang/NoSuchMethodError'{0x0000000720756fa0}: 'java.lang.Object java.lang.invoke.DirectMethodHandle$Holder.invokeStatic(java.lang.Object, java.lang.Object, long, java.lang.Object)'> (0x0000000720756fa0) 
thrown [s\src\hotspot\share\interpreter\linkResolver.cpp, line 759]
Event: 66.644 Thread 0x000002a3e6020780 Exception <a 'java/lang/NoSuchMethodError'{0x000000072075aa38}: 'java.lang.Object java.lang.invoke.DirectMethodHandle$Holder.invokeStaticInit(java.lang.Object, java.lang.Object, long, java.lang.Object)'> (0x000000072075aa38) 
thrown [s\src\hotspot\share\interpreter\linkResolver.cpp, line 759]
Event: 66.644 Thread 0x000002a3e6020780 Exception <a 'java/lang/NoSuchMethodError'{0x0000000720760d68}: 'java.lang.Object java.lang.invoke.DirectMethodHandle$Holder.newInvokeSpecial(java.lang.Object, java.lang.Object, long)'> (0x0000000720760d68) 
thrown [s\src\hotspot\share\interpreter\linkResolver.cpp, line 759]

VM Operations (20 events):
Event: 331924.012 Executing VM operation: G1CollectFull done
Event: 331934.167 Executing VM operation: G1CollectFull
Event: 331934.202 Executing VM operation: G1CollectFull done
Event: 331944.371 Executing VM operation: G1CollectFull
Event: 331944.400 Executing VM operation: G1CollectFull done
Event: 331954.555 Executing VM operation: G1CollectFull
Event: 331954.584 Executing VM operation: G1CollectFull done
Event: 331965.385 Executing VM operation: G1CollectFull
Event: 331965.416 Executing VM operation: G1CollectFull done
Event: 331975.578 Executing VM operation: G1CollectFull
Event: 331975.606 Executing VM operation: G1CollectFull done
Event: 331985.739 Executing VM operation: G1CollectFull
Event: 331985.765 Executing VM operation: G1CollectFull done
Event: 331995.901 Executing VM operation: G1CollectFull
Event: 331995.926 Executing VM operation: G1CollectFull done
Event: 332006.060 Executing VM operation: G1CollectFull
Event: 332006.091 Executing VM operation: G1CollectFull done
Event: 332016.230 Executing VM operation: G1CollectFull
Event: 332016.255 Executing VM operation: G1CollectFull done
Event: 332026.413 Executing VM operation: G1CollectFull

Events (20 events):
Event: 143.930 Thread 0x000002a3e633b600 Thread exited: 0x000002a3e633b600
Event: 231.689 Thread 0x000002a3e63350f0 Thread added: 0x000002a3e63350f0
Event: 291.691 Thread 0x000002a3e63350f0 Thread exited: 0x000002a3e63350f0
Event: 668.136 Thread 0x000002a3e6337c40 Thread added: 0x000002a3e6337c40
Event: 668.136 Thread 0x000002a3e63372a0 Thread added: 0x000002a3e63372a0
Event: 728.389 Thread 0x000002a3e6337c40 Thread exited: 0x000002a3e6337c40
Event: 806.085 Thread 0x000002a3e63372a0 Thread exited: 0x000002a3e63372a0
Event: 837.767 Thread 0x000002a3e63372a0 Thread added: 0x000002a3e63372a0
Event: 837.767 Thread 0x000002a3e6339450 Thread added: 0x000002a3e6339450
Event: 837.767 Thread 0x000002a3e633b600 Thread added: 0x000002a3e633b600
Event: 837.768 Thread 0x000002a3e6337c40 Thread added: 0x000002a3e6337c40
Event: 837.911 loading class java/util/concurrent/CompletionException
Event: 837.911 loading class java/util/concurrent/CompletionException done
Event: 838.000 Thread 0x000002a3e6338110 Thread added: 0x000002a3e6338110
Event: 839.086 loading class java/util/logging/LogRecord
Event: 839.087 loading class java/util/logging/LogRecord done
Event: 907.234 Thread 0x000002a3e6338110 Thread exited: 0x000002a3e6338110
Event: 912.905 Thread 0x000002a3e6339450 Thread exited: 0x000002a3e6339450
Event: 913.166 Thread 0x000002a3e633b600 Thread exited: 0x000002a3e633b600
Event: 968.104 Thread 0x000002a3e6337c40 Thread exited: 0x000002a3e6337c40


Dynamic libraries:
0x00007ff6469d0000 - 0x00007ff6469de000 	c:\Users\Chyde\.vscode\extensions\redhat.java-1.12.0-win32-x64\jre\17.0.4.1-win32-x86_64\bin\java.exe
0x00007ffeb2ff0000 - 0x00007ffeb3204000 	C:\WINDOWS\SYSTEM32\ntdll.dll
0x00007ffeb2380000 - 0x00007ffeb2442000 	C:\WINDOWS\System32\KERNEL32.DLL
0x00007ffeb0690000 - 0x00007ffeb0a2d000 	C:\WINDOWS\System32\KERNELBASE.dll
0x00007ffeb0540000 - 0x00007ffeb0651000 	C:\WINDOWS\System32\ucrtbase.dll
0x00007ffeaac90000 - 0x00007ffeaaca8000 	c:\Users\Chyde\.vscode\extensions\redhat.java-1.12.0-win32-x64\jre\17.0.4.1-win32-x86_64\bin\jli.dll
0x00007ffe9dde0000 - 0x00007ffe9ddf9000 	c:\Users\Chyde\.vscode\extensions\redhat.java-1.12.0-win32-x64\jre\17.0.4.1-win32-x86_64\bin\VCRUNTIME140.dll
0x00007ffeb1aa0000 - 0x00007ffeb1c4a000 	C:\WINDOWS\System32\USER32.dll
0x00007ffe9c910000 - 0x00007ffe9cb9e000 	C:\WINDOWS\WinSxS\amd64_microsoft.windows.common-controls_6595b64144ccf1df_6.0.22621.608_none_a9444ca7c10bb01d\COMCTL32.dll
0x00007ffeb0660000 - 0x00007ffeb0686000 	C:\WINDOWS\System32\win32u.dll
0x00007ffeb22d0000 - 0x00007ffeb2377000 	C:\WINDOWS\System32\msvcrt.dll
0x00007ffeb14d0000 - 0x00007ffeb14f9000 	C:\WINDOWS\System32\GDI32.dll
0x00007ffeb0420000 - 0x00007ffeb0532000 	C:\WINDOWS\System32\gdi32full.dll
0x00007ffeb0a30000 - 0x00007ffeb0aca000 	C:\WINDOWS\System32\msvcp_win.dll
0x00007ffeb0df0000 - 0x00007ffeb0e22000 	C:\WINDOWS\System32\IMM32.DLL
0x00007ffeaae50000 - 0x00007ffeaae5c000 	c:\Users\Chyde\.vscode\extensions\redhat.java-1.12.0-win32-x64\jre\17.0.4.1-win32-x86_64\bin\vcruntime140_1.dll
0x00007ffe98690000 - 0x00007ffe98721000 	c:\Users\Chyde\.vscode\extensions\redhat.java-1.12.0-win32-x64\jre\17.0.4.1-win32-x86_64\bin\msvcp140.dll
0x00007ffe78b90000 - 0x00007ffe797d6000 	c:\Users\Chyde\.vscode\extensions\redhat.java-1.12.0-win32-x64\jre\17.0.4.1-win32-x86_64\bin\server\jvm.dll
0x00007ffeb1ed0000 - 0x00007ffeb1f7e000 	C:\WINDOWS\System32\ADVAPI32.dll
0x00007ffeb1c50000 - 0x00007ffeb1cf4000 	C:\WINDOWS\System32\sechost.dll
0x00007ffeb2450000 - 0x00007ffeb2565000 	C:\WINDOWS\System32\RPCRT4.dll
0x00007ffeb1d10000 - 0x00007ffeb1d18000 	C:\WINDOWS\System32\PSAPI.DLL
0x00007ffeaad50000 - 0x00007ffeaad59000 	C:\WINDOWS\SYSTEM32\WSOCK32.dll
0x00007ffea9740000 - 0x00007ffea9774000 	C:\WINDOWS\SYSTEM32\WINMM.dll
0x00007ffea7570000 - 0x00007ffea757a000 	C:\WINDOWS\SYSTEM32\VERSION.dll
0x00007ffeb1f80000 - 0x00007ffeb1ff1000 	C:\WINDOWS\System32\WS2_32.dll
0x00007ffeaf540000 - 0x00007ffeaf558000 	C:\WINDOWS\SYSTEM32\kernel.appcore.dll
0x00007ffeaad70000 - 0x00007ffeaad7a000 	c:\Users\Chyde\.vscode\extensions\redhat.java-1.12.0-win32-x64\jre\17.0.4.1-win32-x86_64\bin\jimage.dll
0x00007ffeae8f0000 - 0x00007ffeaeb1e000 	C:\WINDOWS\SYSTEM32\DBGHELP.DLL
0x00007ffeb1670000 - 0x00007ffeb19fa000 	C:\WINDOWS\System32\combase.dll
0x00007ffeb1d20000 - 0x00007ffeb1df7000 	C:\WINDOWS\System32\OLEAUT32.dll
0x00007ffe9ab90000 - 0x00007ffe9abc2000 	C:\WINDOWS\SYSTEM32\dbgcore.DLL
0x00007ffeb0ad0000 - 0x00007ffeb0b4b000 	C:\WINDOWS\System32\bcryptPrimitives.dll
0x00007ffe9c070000 - 0x00007ffe9c095000 	c:\Users\Chyde\.vscode\extensions\redhat.java-1.12.0-win32-x64\jre\17.0.4.1-win32-x86_64\bin\java.dll
0x00007ffe9ddc0000 - 0x00007ffe9ddd8000 	c:\Users\Chyde\.vscode\extensions\redhat.java-1.12.0-win32-x64\jre\17.0.4.1-win32-x86_64\bin\zip.dll
0x00007ffeb2570000 - 0x00007ffeb2d50000 	C:\WINDOWS\System32\SHELL32.dll
0x00007ffeadf70000 - 0x00007ffeae835000 	C:\WINDOWS\SYSTEM32\windows.storage.dll
0x00007ffeade30000 - 0x00007ffeadf6e000 	C:\WINDOWS\SYSTEM32\wintypes.dll
0x00007ffeb1500000 - 0x00007ffeb15f1000 	C:\WINDOWS\System32\SHCORE.dll
0x00007ffeb2090000 - 0x00007ffeb20ee000 	C:\WINDOWS\System32\shlwapi.dll
0x00007ffeb0350000 - 0x00007ffeb0371000 	C:\WINDOWS\SYSTEM32\profapi.dll
0x00007ffe9dcf0000 - 0x00007ffe9dd09000 	C:\Users\Chyde\.vscode\extensions\redhat.java-1.12.0-win32-x64\jre\17.0.4.1-win32-x86_64\bin\net.dll
0x00007ffea9dd0000 - 0x00007ffea9eff000 	C:\WINDOWS\SYSTEM32\WINHTTP.dll
0x00007ffeaf990000 - 0x00007ffeaf9f9000 	C:\WINDOWS\system32\mswsock.dll
0x00007ffe9af30000 - 0x00007ffe9af45000 	C:\Users\Chyde\.vscode\extensions\redhat.java-1.12.0-win32-x64\jre\17.0.4.1-win32-x86_64\bin\nio.dll
0x00007ffe9e8e0000 - 0x00007ffe9e8f0000 	c:\Users\Chyde\.vscode\extensions\redhat.java-1.12.0-win32-x64\jre\17.0.4.1-win32-x86_64\bin\verify.dll
0x00007ffe9e8a0000 - 0x00007ffe9e8a9000 	C:\Users\Chyde\.vscode\extensions\redhat.java-1.12.0-win32-x64\jre\17.0.4.1-win32-x86_64\bin\management.dll
0x00007ffe9e750000 - 0x00007ffe9e75b000 	C:\Users\Chyde\.vscode\extensions\redhat.java-1.12.0-win32-x64\jre\17.0.4.1-win32-x86_64\bin\management_ext.dll
0x00007ffe94240000 - 0x00007ffe94257000 	C:\WINDOWS\system32\napinsp.dll
0x00007ffe94220000 - 0x00007ffe9423b000 	C:\WINDOWS\system32\pnrpnsp.dll
0x00007ffeaf020000 - 0x00007ffeaf112000 	C:\WINDOWS\SYSTEM32\DNSAPI.dll
0x00007ffeaeff0000 - 0x00007ffeaf01d000 	C:\WINDOWS\SYSTEM32\IPHLPAPI.DLL
0x00007ffeb1ec0000 - 0x00007ffeb1ec9000 	C:\WINDOWS\System32\NSI.dll
0x00007ffe94200000 - 0x00007ffe94211000 	C:\WINDOWS\System32\winrnr.dll
0x00007ffe941e0000 - 0x00007ffe941f5000 	C:\WINDOWS\system32\wshbth.dll
0x00007ffe94110000 - 0x00007ffe94131000 	C:\WINDOWS\system32\nlansp_c.dll
0x00007ffea7690000 - 0x00007ffea769a000 	C:\Windows\System32\rasadhlp.dll
0x00007ffea96b0000 - 0x00007ffea9733000 	C:\WINDOWS\System32\fwpuclnt.dll
0x00007ffeafc20000 - 0x00007ffeafc3b000 	C:\WINDOWS\SYSTEM32\CRYPTSP.dll
0x00007ffeaf4b0000 - 0x00007ffeaf4e5000 	C:\WINDOWS\system32\rsaenh.dll
0x00007ffeafa30000 - 0x00007ffeafa58000 	C:\WINDOWS\SYSTEM32\USERENV.dll
0x00007ffeafdc0000 - 0x00007ffeafde8000 	C:\WINDOWS\SYSTEM32\bcrypt.dll
0x00007ffeafb80000 - 0x00007ffeafb8c000 	C:\WINDOWS\SYSTEM32\CRYPTBASE.dll
0x00007ffeaa0e0000 - 0x00007ffeaa0f9000 	C:\WINDOWS\SYSTEM32\dhcpcsvc6.DLL
0x00007ffea9d30000 - 0x00007ffea9d4f000 	C:\WINDOWS\SYSTEM32\dhcpcsvc.DLL

dbghelp: loaded successfully - version: 4.0.5 - missing functions: none
symbol engine: initialized successfully - sym options: 0x614 - pdb path: .;c:\Users\Chyde\.vscode\extensions\redhat.java-1.12.0-win32-x64\jre\17.0.4.1-win32-x86_64\bin;C:\WINDOWS\SYSTEM32;C:\WINDOWS\WinSxS\amd64_microsoft.windows.common-controls_6595b64144ccf1df_6.0.22621.608_none_a9444ca7c10bb01d;c:\Users\Chyde\.vscode\extensions\redhat.java-1.12.0-win32-x64\jre\17.0.4.1-win32-x86_64\bin\server

VM Arguments:
jvm_args: -Dsts.lsp.client=vscode -Dsts.log.file=/dev/null -XX:TieredStopAtLevel=1 -Xlog:jni+resolve=off -Dspring.config.location=file:c:\Users\Chyde\.vscode\extensions\pivotal.vscode-spring-boot-1.40.0\language-server\BOOT-INF\classes\application.properties 
java_command: org.springframework.ide.vscode.boot.app.BootLanguageServerBootApp
java_class_path (initial): c:\Users\Chyde\.vscode\extensions\pivotal.vscode-spring-boot-1.40.0\language-server\BOOT-INF\classes;c:\Users\Chyde\.vscode\extensions\pivotal.vscode-spring-boot-1.40.0\language-server\BOOT-INF\lib\annotations-23.0.0.jar;c:\Users\Chyde\.vscode\extensions\pivotal.vscode-spring-boot-1.40.0\language-server\BOOT-INF\lib\ant-1.10.12.jar;c:\Users\Chyde\.vscode\extensions\pivotal.vscode-spring-boot-1.40.0\language-server\BOOT-INF\lib\ant-launcher-1.10.12.jar;c:\Users\Chyde\.vscode\extensions\pivotal.vscode-spring-boot-1.40.0\language-server\BOOT-INF\lib\antlr-runtime-3.5.2.jar;c:\Users\Chyde\.vscode\extensions\pivotal.vscode-spring-boot-1.40.0\language-server\BOOT-INF\lib\antlr4-4.9.3.jar;c:\Users\Chyde\.vscode\extensions\pivotal.vscode-spring-boot-1.40.0\language-server\BOOT-INF\lib\antlr4-runtime-4.9.3.jar;c:\Users\Chyde\.vscode\extensions\pivotal.vscode-spring-boot-1.40.0\language-server\BOOT-INF\lib\asm-9.3.jar;c:\Users\Chyde\.vscode\extensions\pivotal.vscode-spring-boot-1.40.0\language-server\BOOT-INF\lib\asm-analysis-9.3.jar;c:\Users\Chyde\.vscode\extensions\pivotal.vscode-spring-boot-1.40.0\language-server\BOOT-INF\lib\asm-tree-9.3.jar;c:\Users\Chyde\.vscode\extensions\pivotal.vscode-spring-boot-1.40.0\language-server\BOOT-INF\lib\asm-util-9.3.jar;c:\Users\Chyde\.vscode\extensions\pivotal.vscode-spring-boot-1.40.0\language-server\BOOT-INF\lib\byte-buddy-1.12.13.jar;c:\Users\Chyde\.vscode\extensions\pivotal.vscode-spring-boot-1.40.0\language-server\BOOT-INF\lib\caffeine-2.9.3.jar;c:\Users\Chyde\.vscode\extensions\pivotal.vscode-spring-boot-1.40.0\language-server\BOOT-INF\lib\checker-qual-3.12.0.jar;c:\Users\Chyde\.vscode\extensions\pivotal.vscode-spring-boot-1.40.0\language-server\BOOT-INF\lib\classgraph-4.8.149.jar;c:\Users\Chyde\.vscode\extensions\pivotal.vscode-spring-boot-1.40.0\language-server\BOOT-INF\lib\commons-codec-1.15.jar;c:\Users\Chyde\.vscode\extensions\pivotal.vscode-spring-boot-1.40.0\language-server\BOOT-INF\lib\commons-c
Launcher Type: SUN_STANDARD

[Global flags]
     intx CICompilerCount                          = 4                                         {product} {ergonomic}
     uint ConcGCThreads                            = 3                                         {product} {ergonomic}
     uint G1ConcRefinementThreads                  = 10                                        {product} {ergonomic}
   size_t G1HeapRegionSize                         = 2097152                                   {product} {ergonomic}
    uintx GCDrainStackTargetSize                   = 64                                        {product} {ergonomic}
   size_t InitialHeapSize                          = 268435456                                 {product} {ergonomic}
   size_t MarkStackSize                            = 4194304                                   {product} {ergonomic}
   size_t MaxHeapSize                              = 4276092928                                {product} {ergonomic}
   size_t MaxNewSize                               = 2564816896                                {product} {ergonomic}
   size_t MinHeapDeltaBytes                        = 2097152                                   {product} {ergonomic}
   size_t MinHeapSize                              = 8388608                                   {product} {ergonomic}
    uintx NonProfiledCodeHeapSize                  = 0                                      {pd product} {ergonomic}
     bool ProfileInterpreter                       = false                                  {pd product} {command line}
    uintx ProfiledCodeHeapSize                     = 0                                      {pd product} {ergonomic}
   size_t SoftMaxHeapSize                          = 4276092928                             {manageable} {ergonomic}
     intx TieredStopAtLevel                        = 1                                         {product} {command line}
     bool UseCompressedClassPointers               = true                           {product lp64_product} {ergonomic}
     bool UseCompressedOops                        = true                           {product lp64_product} {ergonomic}
     bool UseG1GC                                  = true                                      {product} {ergonomic}
     bool UseLargePagesIndividualAllocation        = false                                  {pd product} {ergonomic}

Logging:
Log output configuration:
 #0: stdout all=warning,jni+resolve=off uptime,level,tags
 #1: stderr all=off uptime,level,tags

Environment Variables:
PATH=C:\Program Files (x86)\Razer Chroma SDK\bin;C:\Program Files\Razer Chroma SDK\bin;C:\Program Files (x86)\Razer\ChromaBroadcast\bin;C:\Program Files\Razer\ChromaBroadcast\bin;C:\Program Files\Common Files\Oracle\Java\javapath;C:\Program Files (x86)\Common Files\Oracle\Java\javapath;C:\Windows\system32;C:\Windows;C:\Windows\System32\Wbem;C:\Windows\System32\WindowsPowerShell\v1.0\;C:\Windows\System32\OpenSSH\;C:\Program Files\php-8.1.2;C:\Windows\system32\config\systemprofile\AppData\Local\Microsoft\WindowsApps;C:\WINDOWS\system32;C:\WINDOWS;C:\WINDOWS\System32\Wbem;C:\WINDOWS\System32\WindowsPowerShell\v1.0\;C:\WINDOWS\System32\OpenSSH\;C:\Program Files\Git\cmd;C:\Users\Chyde\AppData\Local\Microsoft\WindowsApps;;C:\Users\Chyde\AppData\Local\Programs\Microsoft VS Code\bin
USERNAME=Chyde
OS=Windows_NT
PROCESSOR_IDENTIFIER=Intel64 Family 6 Model 158 Stepping 10, GenuineIntel
TMP=C:\Users\Chyde\AppData\Local\Temp
TEMP=C:\Users\Chyde\AppData\Local\Temp



---------------  S Y S T E M  ---------------

OS:
 Windows 11 , 64 bit Build 22621 (10.0.22621.755)
OS uptime: 9 days 12:58 hours
Hyper-V role detected

CPU: total 12 (initial active 12) (6 cores per cpu, 2 threads per core) family 6 model 158 stepping 10 microcode 0xde, cx8, cmov, fxsr, ht, mmx, 3dnowpref, sse, sse2, sse3, ssse3, sse4.1, sse4.2, popcnt, lzcnt, tsc, tscinvbit, avx, avx2, aes, erms, clmul, bmi1, bmi2, rtm, adx, fma, vzeroupper, clflush, clflushopt, hv

Memory: 4k page, system-wide physical 16311M (874M free)
TotalPageFile size 34839M (AvailPageFile size 11M)
current process WorkingSet (physical memory assigned to process): 71M, peak: 1099M
current process commit charge ("private bytes"): 256M, peak: 1139M

vm_info: OpenJDK 64-Bit Server VM (17.0.4.1+1) for windows-amd64 JRE (17.0.4.1+1), built on Aug 17 2022 07:42:43 by "temurin" with MS VC++ 16.7 (VS2019)

END.
